01:01:39 **** Incremental Build of configuration Debug for project 205_ntp ****
make -j8 all 
arm-none-eabi-gcc -o "205_ntp.elf" @"objects.list"   -mcpu=cortex-m7 -T"/home/olekmali/Data/PROJECTS/RTOS/STM/DEMOS/205_ntp/STM32F746ZGTX_FLASH.ld" --specs=nosys.specs -Wl,-Map="205_ntp.map" -Wl,--gc-sections -static --specs=nano.specs -mfpu=fpv5-sp-d16 -mfloat-abi=hard -mthumb -Wl,--start-group -lc -lm -Wl,--end-group
/opt/st/stm32cubeide_1.11.2/plugins/com.st.stm32cube.ide.mcu.externaltools.gnu-tools-for-stm32.11.3.rel1.linux64_1.1.0.202305231506/tools/bin/../lib/gcc/arm-none-eabi/11.3.1/../../../../arm-none-eabi/bin/ld: /opt/st/stm32cubeide_1.11.2/plugins/com.st.stm32cube.ide.mcu.externaltools.gnu-tools-for-stm32.11.3.rel1.linux64_1.1.0.202305231506/tools/bin/../lib/gcc/arm-none-eabi/11.3.1/../../../../arm-none-eabi/lib/thumb/v7e-m+fp/hard/libc_nano.a(libc_a-reent.o):(.bss.errno+0x0): multiple definition of `errno'; ./Middlewares/Third_Party/LwIP/system/OS/sys_arch.o:/home/olekmali/Data/PROJECTS/RTOS/STM/DEMOS/205_ntp/Debug/../Middlewares/Third_Party/LwIP/system/OS/sys_arch.c:45: first defined here
collect2: error: ld returned 1 exit status
make: *** [makefile:77: 205_ntp.elf] Error 1
"make -j8 all" terminated with exit code 2. Build might be incomplete.

01:01:40 Build Failed. 2 errors, 0 warnings. (took 568ms)

